<?xml version='1.0' encoding='UTF-8'?>
<testsuite hostname="SLB-84JWXF2" name="com.accounts.handlers.TransactionHandlerTests" tests="4" errors="0" failures="0" time="0.298">
                     <properties>
[...]
</properties>
                     <testcase classname="com.accounts.handlers.TransactionHandlerTests" name="createTransaction Create Transaction" time="0.163">
                                                 
                                               </testcase><testcase classname="com.accounts.handlers.TransactionHandlerTests" name="createTransaction Should not Create Transaction" time="0.017">
                                                 
                                               </testcase><testcase classname="com.accounts.handlers.TransactionHandlerTests" name="Get Transactions Create Transaction" time="0.041">
                                                 
                                               </testcase><testcase classname="com.accounts.handlers.TransactionHandlerTests" name="Get Transactions Should not Create Transaction" time="0.077">
                                                 
                                               </testcase>
                     <system-out></system-out>
                     <system-err></system-err>
                   </testsuite>